  Project DATA BASE.cpp
D:\Nastya\учёба 11 класс\Информатика\Project-Data-Base\Project DATA BASE\Project DATA BASE.cpp(42,27): warning C4018: <: несоответствие типов со знаком и без знака
D:\Nastya\учёба 11 класс\Информатика\Project-Data-Base\Project DATA BASE\Project DATA BASE.cpp(45,31): warning C4018: <: несоответствие типов со знаком и без знака
D:\Nastya\учёба 11 класс\Информатика\Project-Data-Base\Project DATA BASE\Project DATA BASE.cpp(46,35): warning C4018: <: несоответствие типов со знаком и без знака
D:\Nastya\учёба 11 класс\Информатика\Project-Data-Base\Project DATA BASE\Project DATA BASE.cpp(55,27): warning C4018: <: несоответствие типов со знаком и без знака
D:\Nastya\учёба 11 класс\Информатика\Project-Data-Base\Project DATA BASE\Project DATA BASE.cpp(78,27): warning C4018: <: несоответствие типов со знаком и без знака
D:\Nastya\учёба 11 класс\Информатика\Project-Data-Base\Project DATA BASE\Project DATA BASE.cpp(91,27): warning C4018: <: несоответствие типов со знаком и без знака
D:\Nastya\учёба 11 класс\Информатика\Project-Data-Base\Project DATA BASE\Project DATA BASE.cpp(93,31): warning C4018: <: несоответствие типов со знаком и без знака
D:\Nastya\учёба 11 класс\Информатика\Project-Data-Base\Project DATA BASE\Project DATA BASE.cpp(195,23): warning C4018: <: несоответствие типов со знаком и без знака
D:\Nastya\учёба 11 класс\Информатика\Project-Data-Base\Project DATA BASE\Project DATA BASE.cpp(205,27): warning C4018: <: несоответствие типов со знаком и без знака
D:\Nastya\учёба 11 класс\Информатика\Project-Data-Base\Project DATA BASE\Project DATA BASE.cpp(218,23): warning C4018: <: несоответствие типов со знаком и без знака
D:\Nastya\учёба 11 класс\Информатика\Project-Data-Base\Project DATA BASE\Project DATA BASE.cpp(224,23): warning C4018: <: несоответствие типов со знаком и без знака
D:\Nastya\учёба 11 класс\Информатика\Project-Data-Base\Project DATA BASE\Project DATA BASE.cpp(225,27): warning C4018: <: несоответствие типов со знаком и без знака
D:\Nastya\учёба 11 класс\Информатика\Project-Data-Base\Project DATA BASE\Project DATA BASE.cpp(237,23): warning C4018: <: несоответствие типов со знаком и без знака
D:\Nastya\учёба 11 класс\Информатика\Project-Data-Base\Project DATA BASE\Project DATA BASE.cpp(245,27): warning C4018: <: несоответствие типов со знаком и без знака
D:\Nastya\учёба 11 класс\Информатика\Project-Data-Base\Project DATA BASE\Project DATA BASE.cpp(275,41): warning C4018: <: несоответствие типов со знаком и без знака
D:\Nastya\учёба 11 класс\Информатика\Project-Data-Base\Project DATA BASE\Project DATA BASE.cpp(291,41): warning C4018: <: несоответствие типов со знаком и без знака
D:\Nastya\учёба 11 класс\Информатика\Project-Data-Base\Project DATA BASE\Project DATA BASE.cpp(297,31): warning C4018: <: несоответствие типов со знаком и без знака
D:\Nastya\учёба 11 класс\Информатика\Project-Data-Base\Project DATA BASE\Project DATA BASE.cpp(312,41): warning C4018: <: несоответствие типов со знаком и без знака
D:\Nastya\учёба 11 класс\Информатика\Project-Data-Base\Project DATA BASE\Project DATA BASE.cpp(321,31): warning C4018: <: несоответствие типов со знаком и без знака
D:\Nastya\учёба 11 класс\Информатика\Project-Data-Base\Project DATA BASE\Project DATA BASE.cpp(333,31): warning C4018: <: несоответствие типов со знаком и без знака
D:\Nastya\учёба 11 класс\Информатика\Project-Data-Base\Project DATA BASE\Project DATA BASE.cpp(342,31): warning C4018: <: несоответствие типов со знаком и без знака
D:\Nastya\учёба 11 класс\Информатика\Project-Data-Base\Project DATA BASE\Project DATA BASE.cpp(343,35): warning C4018: <: несоответствие типов со знаком и без знака
D:\Nastya\учёба 11 класс\Информатика\Project-Data-Base\Project DATA BASE\Project DATA BASE.cpp(386,31): warning C4018: <: несоответствие типов со знаком и без знака
D:\Nastya\учёба 11 класс\Информатика\Project-Data-Base\Project DATA BASE\Project DATA BASE.cpp(389,31): warning C4018: <: несоответствие типов со знаком и без знака
D:\Nastya\учёба 11 класс\Информатика\Project-Data-Base\Project DATA BASE\Project DATA BASE.cpp(395,31): warning C4018: <: несоответствие типов со знаком и без знака
D:\Nastya\учёба 11 класс\Информатика\Project-Data-Base\Project DATA BASE\Project DATA BASE.cpp(397,39): warning C4018: <: несоответствие типов со знаком и без знака
D:\Nastya\учёба 11 класс\Информатика\Project-Data-Base\Project DATA BASE\Project DATA BASE.cpp(410,31): warning C4018: <: несоответствие типов со знаком и без знака
D:\Nastya\учёба 11 класс\Информатика\Project-Data-Base\Project DATA BASE\Project DATA BASE.cpp(413,31): warning C4018: <: несоответствие типов со знаком и без знака
D:\Nastya\учёба 11 класс\Информатика\Project-Data-Base\Project DATA BASE\Project DATA BASE.cpp(419,31): warning C4018: <: несоответствие типов со знаком и без знака
D:\Nastya\учёба 11 класс\Информатика\Project-Data-Base\Project DATA BASE\Project DATA BASE.cpp(439,31): warning C4018: <: несоответствие типов со знаком и без знака
D:\Nastya\учёба 11 класс\Информатика\Project-Data-Base\Project DATA BASE\Project DATA BASE.cpp(452,31): warning C4018: <: несоответствие типов со знаком и без знака
D:\Nastya\учёба 11 класс\Информатика\Project-Data-Base\Project DATA BASE\Project DATA BASE.cpp(462,31): warning C4018: <: несоответствие типов со знаком и без знака
D:\Nastya\учёба 11 класс\Информатика\Project-Data-Base\Project DATA BASE\Project DATA BASE.cpp(463,35): warning C4018: <: несоответствие типов со знаком и без знака
D:\Nastya\учёба 11 класс\Информатика\Project-Data-Base\Project DATA BASE\Project DATA BASE.cpp(258): warning C4715: getGPA: значение возвращается не при всех путях выполнения
D:\Nastya\учёба 11 класс\Информатика\Project-Data-Base\Project DATA BASE\Project DATA BASE.cpp(614): warning C4715: offerOptions: значение возвращается не при всех путях выполнения
  Project DATA BASE.vcxproj -> D:\Nastya\учёба 11 класс\Информатика\Project-Data-Base\Project DATA BASE\Debug\Project DATA BASE.exe
